==9026== Memcheck, a memory error detector
==9026== Copyright (C) 2002-2017, and GNU GPL'd, by Julian Seward et al.
==9026== Using Valgrind-3.18.1 and LibVEX; rerun with -h for copyright info
==9026== Command: ./juego hormiguero.dat
==9026== Parent PID: 8969
==9026== 
==9026== 
==9026== HEAP SUMMARY:
==9026==     in use at exit: 0 bytes in 0 blocks
==9026==   total heap usage: 103 allocs, 103 frees, 102,220 bytes allocated
==9026== 
==9026== All heap blocks were freed -- no leaks are possible
==9026== 
==9026== ERROR SUMMARY: 0 errors from 0 contexts (suppressed: 0 from 0)
_IO_getline_info (in /usr/lib/libc.so.6)
==8788==    by 0x48F3C4F: fgets (in /usr/lib/libc.so.6)
==8788==    by 0x10A759: command_get_user_input (command.c:270)
==8788==    by 0x10D68B: game_loop_run (game_loop.c:125)
==8788==    by 0x10D551: main (game_loop.c:80)
==8788== 
==8788== HEAP SUMMARY:
==8788==     in use at exit: 76,294 bytes in 83 blocks
==8788==   total heap usage: 100 allocs, 17 frees, 101,200 bytes allocated
==8788== 
==8788== LEAK SUMMARY:
==8788==    definitely lost: 0 bytes in 0 blocks
==8788==    indirectly lost: 0 bytes in 0 blocks
==8788==      possibly lost: 0 bytes in 0 blocks
==8788==    still reachable: 76,294 bytes in 83 blocks
==8788==         suppressed: 0 bytes in 0 blocks
==8788== Reachable blocks (those to which a pointer was found) are not shown.
==8788== To see them, rerun with: --leak-check=full --show-leak-kinds=all
==8788== 
==8788== ERROR SUMMARY: 0 errors from 0 contexts (suppressed: 0 from 0)
